bLUNO/build/outputs/logs/manifest-merger-release-report.txt
-- Merging decision tree log ---
manifest
ADDED from src\main\AndroidManifest.xml:2:1-41:12
INJECTED from src\main\AndroidManifest.xml:2:1-41:12
INJECTED from src\main\AndroidManifest.xml:2:1-41:12
INJECTED from src\main\AndroidManifest.xml:2:1-41:12
MERGED from [:meimidmovablecheckboxMovableCheckboxActivity] AndroidManifest.xml:2:1-26:12
MERGED from [:holoColorPickermaster] AndroidManifest.xml:2:1-11:12
INJECTED from src\main\AndroidManifest.xml:2:1-41:12
INJECTED from src\main\AndroidManifest.xml:2:1-41:12
INJECTED from src\main\AndroidManifest.xml:2:1-41:12
	package
		ADDED from src\main\AndroidManifest.xml:4:5-32
		INJECTED from src\main\AndroidManifest.xml
		INJECTED from src\main\AndroidManifest.xml
	android:versionName
		ADDED from src\main\AndroidManifest.xml:6:5-30
		INJECTED from src\main\AndroidManifest.xml
		INJECTED from src\main\AndroidManifest.xml
	xmlns:tools
		ADDED from src\main\AndroidManifest.xml:3:5-51
	xmlns:android
		ADDED from src\main\AndroidManifest.xml:2:11-69
	android:versionCode
		ADDED from src\main\AndroidManifest.xml:5:5-28
		INJECTED from src\main\AndroidManifest.xml
		INJECTED from src\main\AndroidManifest.xml
uses-sdk
ADDED from src\main\AndroidManifest.xml:8:5-10:41
INJECTED from src\main\AndroidManifest.xml:8:5-10:41
INJECTED from src\main\AndroidManifest.xml:8:5-10:41
MERGED from [:meimidmovablecheckboxMovableCheckboxActivity] AndroidManifest.xml:7:5-9:41
MERGED from [:meimidmovablecheckboxMovableCheckboxActivity] AndroidManifest.xml:7:5-9:41
MERGED from [:holoColorPickermaster] AndroidManifest.xml:7:5-9:41
MERGED from [:holoColorPickermaster] AndroidManifest.xml:7:5-9:41
INJECTED from src\main\AndroidManifest.xml:8:5-10:41
INJECTED from src\main\AndroidManifest.xml:8:5-10:41
	android:targetSdkVersion
		ADDED from src\main\AndroidManifest.xml:10:9-38
		INJECTED from src\main\AndroidManifest.xml
		INJECTED from src\main\AndroidManifest.xml
	android:minSdkVersion
		ADDED from src\main\AndroidManifest.xml:9:9-35
		INJECTED from src\main\AndroidManifest.xml
		INJECTED from src\main\AndroidManifest.xml
uses-feature#android.hardware.bluetooth_le
ADDED from src\main\AndroidManifest.xml:16:5-89
	android:required
		ADDED from src\main\AndroidManifest.xml:16:64-87
	android:name
		ADDED from src\main\AndroidManifest.xml:16:19-63
uses-permission#android.permission.BLUETOOTH
ADDED from src\main\AndroidManifest.xml:18:5-67
	android:name
		ADDED from src\main\AndroidManifest.xml:18:22-65
uses-permission#android.permission.BLUETOOTH_ADMIN
ADDED from src\main\AndroidManifest.xml:19:5-73
	android:name
		ADDED from src\main\AndroidManifest.xml:19:22-71
application
ADDED from src\main\AndroidManifest.xml:21:5-39:19
MERGED from [:meimidmovablecheckboxMovableCheckboxActivity] AndroidManifest.xml:11:5-24:19
MERGED from [:meimidmovablecheckboxMovableCheckboxActivity] AndroidManifest.xml:11:5-24:19
	android:label
		ADDED from src\main\AndroidManifest.xml:24:9-41
		REJECTED from [:meimidmovablecheckboxMovableCheckboxActivity] AndroidManifest.xml:13:9-29
	android:icon
		ADDED from src\main\AndroidManifest.xml:23:9-45
		REJECTED from [:meimidmovablecheckboxMovableCheckboxActivity] AndroidManifest.xml:12:9-47
	android:allowBackup
		ADDED from src\main\AndroidManifest.xml:22:9-35
	android:theme
		ADDED from src\main\AndroidManifest.xml:25:9-73
		REJECTED from [:meimidmovablecheckboxMovableCheckboxActivity] AndroidManifest.xml:14:9-62
	tools:replace
		ADDED from src\main\AndroidManifest.xml:26:9-65
activity#com.example.bluno.BLUNOActivity
ADDED from src\main\AndroidManifest.xml:27:9-35:20
	android:screenOrientation
		ADDED from src\main\AndroidManifest.xml:30:13-49
	android:label
		ADDED from src\main\AndroidManifest.xml:29:13-45
	android:name
		ADDED from src\main\AndroidManifest.xml:28:13-59
intent-filter#action:name:android.intent.action.MAIN+category:name:android.intent.category.LAUNCHER
ADDED from src\main\AndroidManifest.xml:31:13-34:29
action#android.intent.action.MAIN
ADDED from src\main\AndroidManifest.xml:32:17-69
	android:name
		ADDED from src\main\AndroidManifest.xml:32:25-66
category#android.intent.category.LAUNCHER
ADDED from src\main\AndroidManifest.xml:33:17-77
	android:name
		ADDED from src\main\AndroidManifest.xml:33:27-74
activity#com.example.bluno.DeviceControlActivity
ADDED from src\main\AndroidManifest.xml:36:9-37:51
	android:screenOrientation
		ADDED from src\main\AndroidManifest.xml:37:13-49
	android:name
		ADDED from src\main\AndroidManifest.xml:36:19-56
service#com.example.bluno.BluetoothLeService
ADDED from src\main\AndroidManifest.xml:38:9-77
	android:enabled
		ADDED from src\main\AndroidManifest.xml:38:53-75
	android:name
		ADDED from src\main\AndroidManifest.xml:38:18-52
activity#me.imid.movablecheckbox.MovableCheckboxActivity
ADDED from [:meimidmovablecheckboxMovableCheckboxActivity] AndroidManifest.xml:15:9-23:20
	android:label
		ADDED from [:meimidmovablecheckboxMovableCheckboxActivity] AndroidManifest.xml:17:13-33
	android:name
		ADDED from [:meimidmovablecheckboxMovableCheckboxActivity] AndroidManifest.xml:16:13-75